Arguments: 
  C:\Program Files\nodejs\node.exe C:\Users\muhammad.ahsan\AppData\Roaming\npm\node_modules\yarn\bin\yarn.js add Bootrap@4.0.0

PATH: 
  C:\Program Files\Common Files\Oracle\Java\javapath;C:\Windows\system32;C:\Windows;C:\Windows\System32\Wbem;C:\Windows\System32\WindowsPowerShell\v1.0\;C:\Windows\System32\OpenSSH\;C:\Program Files\Java\jdk-15.0.1\bin;C:\Program Files\Microsoft VS Code\bin;C:\Program Files\Git\cmd;C:\Program Files\nodejs\;C:\Users\muhammad.ahsan\AppData\Local\Microsoft\WindowsApps;C:\xampp\php;C:\Users\muhammad.ahsan\AppData\Local\ComposerSetup\bin;C:\Users\muhammad.ahsan\AppData\Roaming\Composer\vendor\bin;C:\Users\muhammad.ahsan\AppData\Roaming\npm;C:\Users\muhammad.ahsan\AppData\Local\Programs\Git\cmd

Yarn version: 
  1.22.11

Node version: 
  16.2.0

Platform: 
  win32 x64

Trace: 
  Error: https://registry.yarnpkg.com/Bootrap: Not found
      at Request.params.callback [as _callback] (C:\Users\muhammad.ahsan\AppData\Roaming\npm\node_modules\yarn\lib\cli.js:66992:18)
      at Request.self.callback (C:\Users\muhammad.ahsan\AppData\Roaming\npm\node_modules\yarn\lib\cli.js:140763:22)
      at Request.emit (node:events:365:28)
      at Request.<anonymous> (C:\Users\muhammad.ahsan\AppData\Roaming\npm\node_modules\yarn\lib\cli.js:141735:10)
      at Request.emit (node:events:365:28)
      at IncomingMessage.<anonymous> (C:\Users\muhammad.ahsan\AppData\Roaming\npm\node_modules\yarn\lib\cli.js:141657:12)
      at Object.onceWrapper (node:events:471:28)
      at IncomingMessage.emit (node:events:377:35)
      at endReadableNT (node:internal/streams/readable:1312:12)
      at processTicksAndRejections (node:internal/process/task_queues:83:21)

npm manifest: 
  No manifest

yarn manifest: 
  No manifest

Lockfile: 
  No lockfile
